<?xml version="1.0" encoding="UTF-8"?>
<!-- Generated by org.testng.reporters.JUnitReportReporter -->
<testsuite hostname="DESKTOP-CRGJO43" failures="0" tests="1" name="test_package.RegistationTest" time="0.012" errors="0" timestamp="2021-11-20T23:40:14 IST" skipped="0">
  <testcase classname="test_package.RegistationTest" name="registrationTest" time="0.012"/>
</testsuite> <!-- test_package.RegistationTest -->
