<?xml version="1.0" encoding="UTF-8"?>
<!-- Generated by org.testng.reporters.JUnitReportReporter -->
<testsuite hostname="DESKTOP-CRGJO43" failures="0" tests="1" name="test_package.LoginTest" time="0.013" errors="0" timestamp="2021-11-21T12:47:44 IST" skipped="0">
  <testcase classname="test_package.LoginTest" name="loginTest" time="0.013"/>
</testsuite> <!-- test_package.LoginTest -->
