<?xml version="1.0" encoding="UTF-8"?>
<!-- Generated by org.testng.reporters.JUnitReportReporter -->
<testsuite hostname="DESKTOP-CRGJO43" failures="0" tests="1" name="test_package.ApplicationTest" time="0.010" errors="0" timestamp="2021-11-20T21:41:08 IST" skipped="0">
  <testcase classname="test_package.ApplicationTest" name="loginTest" time="0.010"/>
</testsuite> <!-- test_package.ApplicationTest -->
